Build started 18.09.2015 22:41:14.
     1>Project "C:\Users\Basik\Documents\Visual Studio 2013\Projects\arcanoid\arcanoid\arcanoid.vcxproj" on node 2 (Build target(s)).
     1>ClCompile:
         C:\Program Files (x86)\Microsoft Visual Studio 12.0\VC\bin\CL.exe /c /ZI /nologo /W3 /WX- /sdl /Od /Oy- /D WIN32 /D _WINDOWS /D _DEBUG /D _UNICODE /D UNICODE /D _AFXDLL /Gm /EHsc /RTC1 /MDd /GS /fp:precise /Zc:wchar_t /Zc:forScope /Yu"stdafx.h" /Fp"Debug\arcanoid.pch" /Fo"Debug\\" /Fd"Debug\vc120.pdb" /Gd /TP /analyze- /errorReport:prompt arcanoidDlg.cpp
         arcanoidDlg.cpp
     1>c:\users\basik\documents\visual studio 2013\projects\arcanoid\arcanoid\arcanoiddlg.cpp(164): warning C4244: 'argument' : conversion from 'double' to 'int', possible loss of data
     1>c:\users\basik\documents\visual studio 2013\projects\arcanoid\arcanoid\arcanoiddlg.cpp(209): warning C4244: 'argument' : conversion from 'double' to 'int', possible loss of data
     1>c:\users\basik\documents\visual studio 2013\projects\arcanoid\arcanoid\arcanoiddlg.cpp(211): warning C4244: '=' : conversion from 'double' to 'LONG', possible loss of data
     1>c:\users\basik\documents\visual studio 2013\projects\arcanoid\arcanoid\arcanoiddlg.cpp(212): warning C4244: '=' : conversion from 'double' to 'LONG', possible loss of data
     1>c:\users\basik\documents\visual studio 2013\projects\arcanoid\arcanoid\arcanoiddlg.cpp(221): warning C4244: '=' : conversion from 'double' to 'LONG', possible loss of data
     1>c:\users\basik\documents\visual studio 2013\projects\arcanoid\arcanoid\arcanoiddlg.cpp(222): warning C4244: '=' : conversion from 'double' to 'LONG', possible loss of data
     1>c:\users\basik\documents\visual studio 2013\projects\arcanoid\arcanoid\arcanoiddlg.cpp(231): warning C4244: '=' : conversion from 'double' to 'LONG', possible loss of data
     1>c:\users\basik\documents\visual studio 2013\projects\arcanoid\arcanoid\arcanoiddlg.cpp(232): warning C4244: '=' : conversion from 'double' to 'LONG', possible loss of data
     1>c:\users\basik\documents\visual studio 2013\projects\arcanoid\arcanoid\arcanoiddlg.cpp(241): warning C4244: '=' : conversion from 'double' to 'LONG', possible loss of data
     1>c:\users\basik\documents\visual studio 2013\projects\arcanoid\arcanoid\arcanoiddlg.cpp(242): warning C4244: '=' : conversion from 'double' to 'LONG', possible loss of data
     1>c:\users\basik\documents\visual studio 2013\projects\arcanoid\arcanoid\arcanoiddlg.cpp(254): warning C4244: 'argument' : conversion from 'double' to 'int', possible loss of data
       Link:
         C:\Program Files (x86)\Microsoft Visual Studio 12.0\VC\bin\link.exe /ERRORREPORT:PROMPT /OUT:"C:\Users\Basik\Documents\Visual Studio 2013\Projects\arcanoid\Debug\arcanoid.exe" /INCREMENTAL /NOLOGO /MANIFEST /MANIFESTUAC:"level='asInvoker' uiAccess='false'" /manifest:embed /manifestinput:"C:\Program Files (x86)\Microsoft Visual Studio 12.0\VC\Include\Manifest\dpiaware.manifest" /DEBUG /PDB:"C:\Users\Basik\Documents\Visual Studio 2013\Projects\arcanoid\Debug\arcanoid.pdb" /SUBSYSTEM:WINDOWS /TLBID:1 /ENTRY:"wWinMainCRTStartup" /DYNAMICBASE /NXCOMPAT /IMPLIB:"C:\Users\Basik\Documents\Visual Studio 2013\Projects\arcanoid\Debug\arcanoid.lib" /MACHINE:X86 Debug\arcanoid.res
         Debug\arcanoid.obj
         Debug\arcanoidDlg.obj
         Debug\stdafx.obj
         arcanoid.vcxproj -> C:\Users\Basik\Documents\Visual Studio 2013\Projects\arcanoid\Debug\arcanoid.exe
     1>Done Building Project "C:\Users\Basik\Documents\Visual Studio 2013\Projects\arcanoid\arcanoid\arcanoid.vcxproj" (Build target(s)).

Build succeeded.

Time Elapsed 00:00:01.49
